[2025-12-17 11:28:43] 0122025-12-17T11:28:43+01:00202512281211 000000+01:00Wednesday2025am17 am3131Europe/Berlin12+01:0031 b25 00000043Europe/BerlinWed, 17 Dec 2025 11:28:43 +0100_2817=3
FILES keys: profile_picture
File error: 0, size=9648, tmp_name=C:\xampp\tmp\php2AE6.tmp
[2025-12-18 08:16:18] 0122025-12-18T08:16:18+01:0020251216128 000000+01:00Thursday2025am18 am3131Europe/Berlin12+01:0031 b25 00000018Europe/BerlinThu, 18 Dec 2025 08:16:18 +0100_1618=3
FILES keys: profile_picture
File error: 0, size=9648, tmp_name=C:\xampp\tmp\php5D91.tmp
[2025-12-18 08:27:05] 0122025-12-18T08:27:05+01:0020251227128 000000+01:00Thursday2025am18 am3131Europe/Berlin12+01:0031 b25 00000005Europe/BerlinThu, 18 Dec 2025 08:27:05 +0100_2718=1
FILES keys: profile_picture
File error: 0, size=9648, tmp_name=C:\xampp\tmp\php3D86.tmp
[2025-12-18 08:27:10] 0122025-12-18T08:27:10+01:0020251227128 000000+01:00Thursday2025am18 am3131Europe/Berlin12+01:0031 b25 00000010Europe/BerlinThu, 18 Dec 2025 08:27:10 +0100_2718=1
FILES keys: profile_picture
File error: 0, size=9648, tmp_name=C:\xampp\tmp\php4FA8.tmp
[2025-12-18 09:25:04] 0122025-12-18T09:25:04+01:0020251225129 000000+01:00Thursday2025am18 am3131Europe/Berlin12+01:0031 b25 00000004Europe/BerlinThu, 18 Dec 2025 09:25:04 +0100_2518=1
FILES keys: profile_picture
File error: 0, size=9648, tmp_name=C:\xampp\tmp\php4FE5.tmp
[2025-12-18 09:25:12] 0122025-12-18T09:25:12+01:0020251225129 000000+01:00Thursday2025am18 am3131Europe/Berlin12+01:0031 b25 00000012Europe/BerlinThu, 18 Dec 2025 09:25:12 +0100_2518=1
FILES keys: profile_picture
File error: 0, size=1947221, tmp_name=C:\xampp\tmp\php7224.tmp
[2025-12-18 09:27:40] 0122025-12-18T09:27:40+01:0020251227129 000000+01:00Thursday2025am18 am3131Europe/Berlin12+01:0031 b25 00000040Europe/BerlinThu, 18 Dec 2025 09:27:40 +0100_2718=1
FILES keys: profile_picture
File error: 0, size=1947221, tmp_name=C:\xampp\tmp\phpB36A.tmp
[2025-12-18 09:32:16] 0122025-12-18T09:32:16+01:0020251232129 000000+01:00Thursday2025am18 am3131Europe/Berlin12+01:0031 b25 00000016Europe/BerlinThu, 18 Dec 2025 09:32:16 +0100_3218=1
FILES keys: profile_picture
File error: 0, size=1947221, tmp_name=C:\xampp\tmp\phpE7F5.tmp
[2025-12-18 09:39:55] 0122025-12-18T09:39:55+01:0020251239129 000000+01:00Thursday2025am18 am3131Europe/Berlin12+01:0031 b25 00000055Europe/BerlinThu, 18 Dec 2025 09:39:55 +0100_3918=1
FILES keys: profile_picture
File error: 0, size=9648, tmp_name=C:\xampp\tmp\phpE96E.tmp
